<?xml version="1.0" encoding="UTF-8"?>
<testsuite xmlns:xsi="http://www.w3.org/2001/XMLSchema-instance" xsi:noNamespaceSchemaLocation="https://maven.apache.org/surefire/maven-surefire-plugin/xsd/surefire-test-report-3.0.xsd" version="3.0" name="com.pw.AppTest" time="0.042" tests="1" errors="0" skipped="0" failures="0">
  <properties>
    <property name="java.specification.version" value="17"/>
    <property name="sun.jnu.encoding" value="UTF-8"/>
    <property name="java.class.path" value="/home/pwaldorf/workspace/tomcatdemo/target/test-classes:/home/pwaldorf/workspace/tomcatdemo/target/classes:/home/pwaldorf/.m2/repository/org/springframework/spring-core/5.3.4/spring-core-5.3.4.jar:/home/pwaldorf/.m2/repository/org/springframework/spring-jcl/5.3.4/spring-jcl-5.3.4.jar:/home/pwaldorf/.m2/repository/org/springframework/spring-web/5.3.4/spring-web-5.3.4.jar:/home/pwaldorf/.m2/repository/org/springframework/spring-webmvc/5.3.4/spring-webmvc-5.3.4.jar:/home/pwaldorf/.m2/repository/org/springframework/spring-aop/5.3.4/spring-aop-5.3.4.jar:/home/pwaldorf/.m2/repository/org/springframework/spring-expression/5.3.4/spring-expression-5.3.4.jar:/home/pwaldorf/.m2/repository/org/springframework/spring-context/5.3.4/spring-context-5.3.4.jar:/home/pwaldorf/.m2/repository/org/springframework/spring-context-support/5.3.4/spring-context-support-5.3.4.jar:/home/pwaldorf/.m2/repository/org/springframework/spring-beans/5.3.4/spring-beans-5.3.4.jar:/home/pwaldorf/.m2/repository/org/springframework/spring-jms/5.3.4/spring-jms-5.3.4.jar:/home/pwaldorf/.m2/repository/org/springframework/spring-messaging/5.3.4/spring-messaging-5.3.4.jar:/home/pwaldorf/.m2/repository/org/springframework/spring-tx/5.3.4/spring-tx-5.3.4.jar:/home/pwaldorf/.m2/repository/org/apache/activemq/artemis-jms-client/2.27.1/artemis-jms-client-2.27.1.jar:/home/pwaldorf/.m2/repository/org/apache/activemq/artemis-core-client/2.27.1/artemis-core-client-2.27.1.jar:/home/pwaldorf/.m2/repository/org/jgroups/jgroups/5.2.0.Final/jgroups-5.2.0.Final.jar:/home/pwaldorf/.m2/repository/io/netty/netty-transport-native-epoll/4.1.82.Final/netty-transport-native-epoll-4.1.82.Final-linux-x86_64.jar:/home/pwaldorf/.m2/repository/io/netty/netty-transport-native-unix-common/4.1.82.Final/netty-transport-native-unix-common-4.1.82.Final.jar:/home/pwaldorf/.m2/repository/io/netty/netty-transport-classes-epoll/4.1.82.Final/netty-transport-classes-epoll-4.1.82.Final.jar:/home/pwaldorf/.m2/repository/io/netty/netty-transport-native-kqueue/4.1.82.Final/netty-transport-native-kqueue-4.1.82.Final-osx-x86_64.jar:/home/pwaldorf/.m2/repository/io/netty/netty-transport-classes-kqueue/4.1.82.Final/netty-transport-classes-kqueue-4.1.82.Final.jar:/home/pwaldorf/.m2/repository/io/netty/netty-codec-http/4.1.82.Final/netty-codec-http-4.1.82.Final.jar:/home/pwaldorf/.m2/repository/io/netty/netty-buffer/4.1.82.Final/netty-buffer-4.1.82.Final.jar:/home/pwaldorf/.m2/repository/io/netty/netty-transport/4.1.82.Final/netty-transport-4.1.82.Final.jar:/home/pwaldorf/.m2/repository/io/netty/netty-resolver/4.1.82.Final/netty-resolver-4.1.82.Final.jar:/home/pwaldorf/.m2/repository/io/netty/netty-handler/4.1.82.Final/netty-handler-4.1.82.Final.jar:/home/pwaldorf/.m2/repository/io/netty/netty-handler-proxy/4.1.82.Final/netty-handler-proxy-4.1.82.Final.jar:/home/pwaldorf/.m2/repository/io/netty/netty-codec/4.1.82.Final/netty-codec-4.1.82.Final.jar:/home/pwaldorf/.m2/repository/io/netty/netty-codec-socks/4.1.82.Final/netty-codec-socks-4.1.82.Final.jar:/home/pwaldorf/.m2/repository/io/netty/netty-common/4.1.82.Final/netty-common-4.1.82.Final.jar:/home/pwaldorf/.m2/repository/org/apache/activemq/artemis-commons/2.27.1/artemis-commons-2.27.1.jar:/home/pwaldorf/.m2/repository/commons-beanutils/commons-beanutils/1.9.4/commons-beanutils-1.9.4.jar:/home/pwaldorf/.m2/repository/commons-logging/commons-logging/1.2/commons-logging-1.2.jar:/home/pwaldorf/.m2/repository/commons-collections/commons-collections/3.2.2/commons-collections-3.2.2.jar:/home/pwaldorf/.m2/repository/org/apache/activemq/artemis-selector/2.27.1/artemis-selector-2.27.1.jar:/home/pwaldorf/.m2/repository/org/apache/camel/camel-core/3.22.1/camel-core-3.22.1.jar:/home/pwaldorf/.m2/repository/org/apache/camel/camel-core-engine/3.22.1/camel-core-engine-3.22.1.jar:/home/pwaldorf/.m2/repository/org/apache/camel/camel-api/3.22.1/camel-api-3.22.1.jar:/home/pwaldorf/.m2/repository/org/apache/camel/camel-base-engine/3.22.1/camel-base-engine-3.22.1.jar:/home/pwaldorf/.m2/repository/org/apache/camel/camel-base/3.22.1/camel-base-3.22.1.jar:/home/pwaldorf/.m2/repository/org/apache/camel/camel-core-reifier/3.22.1/camel-core-reifier-3.22.1.jar:/home/pwaldorf/.m2/repository/org/apache/camel/camel-core-processor/3.22.1/camel-core-processor-3.22.1.jar:/home/pwaldorf/.m2/repository/org/apache/camel/camel-util/3.22.1/camel-util-3.22.1.jar:/home/pwaldorf/.m2/repository/org/apache/camel/camel-core-languages/3.22.1/camel-core-languages-3.22.1.jar:/home/pwaldorf/.m2/repository/org/apache/camel/camel-core-model/3.22.1/camel-core-model-3.22.1.jar:/home/pwaldorf/.m2/repository/org/apache/camel/camel-browse/3.22.1/camel-browse-3.22.1.jar:/home/pwaldorf/.m2/repository/org/apache/camel/camel-cluster/3.22.1/camel-cluster-3.22.1.jar:/home/pwaldorf/.m2/repository/org/apache/camel/camel-controlbus/3.22.1/camel-controlbus-3.22.1.jar:/home/pwaldorf/.m2/repository/org/apache/camel/camel-dataformat/3.22.1/camel-dataformat-3.22.1.jar:/home/pwaldorf/.m2/repository/org/apache/camel/camel-dataset/3.22.1/camel-dataset-3.22.1.jar:/home/pwaldorf/.m2/repository/org/apache/camel/camel-direct/3.22.1/camel-direct-3.22.1.jar:/home/pwaldorf/.m2/repository/org/apache/camel/camel-directvm/3.22.1/camel-directvm-3.22.1.jar:/home/pwaldorf/.m2/repository/org/apache/camel/camel-file/3.22.1/camel-file-3.22.1.jar:/home/pwaldorf/.m2/repository/org/apache/camel/camel-health/3.22.1/camel-health-3.22.1.jar:/home/pwaldorf/.m2/repository/org/apache/camel/camel-language/3.22.1/camel-language-3.22.1.jar:/home/pwaldorf/.m2/repository/org/apache/camel/camel-log/3.22.1/camel-log-3.22.1.jar:/home/pwaldorf/.m2/repository/org/apache/camel/camel-mock/3.22.1/camel-mock-3.22.1.jar:/home/pwaldorf/.m2/repository/org/apache/camel/camel-ref/3.22.1/camel-ref-3.22.1.jar:/home/pwaldorf/.m2/repository/org/apache/camel/camel-rest/3.22.1/camel-rest-3.22.1.jar:/home/pwaldorf/.m2/repository/org/apache/camel/camel-tooling-model/3.22.1/camel-tooling-model-3.22.1.jar:/home/pwaldorf/.m2/repository/org/apache/camel/camel-saga/3.22.1/camel-saga-3.22.1.jar:/home/pwaldorf/.m2/repository/org/apache/camel/camel-scheduler/3.22.1/camel-scheduler-3.22.1.jar:/home/pwaldorf/.m2/repository/org/apache/camel/camel-seda/3.22.1/camel-seda-3.22.1.jar:/home/pwaldorf/.m2/repository/org/apache/camel/camel-stub/3.22.1/camel-stub-3.22.1.jar:/home/pwaldorf/.m2/repository/org/apache/camel/camel-validator/3.22.1/camel-validator-3.22.1.jar:/home/pwaldorf/.m2/repository/org/apache/camel/camel-vm/3.22.1/camel-vm-3.22.1.jar:/home/pwaldorf/.m2/repository/org/apache/camel/camel-xpath/3.22.1/camel-xpath-3.22.1.jar:/home/pwaldorf/.m2/repository/org/apache/camel/camel-xslt/3.22.1/camel-xslt-3.22.1.jar:/home/pwaldorf/.m2/repository/org/apache/camel/camel-xml-jaxb/3.22.1/camel-xml-jaxb-3.22.1.jar:/home/pwaldorf/.m2/repository/jakarta/xml/bind/jakarta.xml.bind-api/2.3.3/jakarta.xml.bind-api-2.3.3.jar:/home/pwaldorf/.m2/repository/jakarta/activation/jakarta.activation-api/1.2.2/jakarta.activation-api-1.2.2.jar:/home/pwaldorf/.m2/repository/com/sun/xml/bind/jaxb-core/2.3.0/jaxb-core-2.3.0.jar:/home/pwaldorf/.m2/repository/com/sun/xml/bind/jaxb-impl/2.3.3/jaxb-impl-2.3.3.jar:/home/pwaldorf/.m2/repository/com/sun/activation/jakarta.activation/1.2.2/jakarta.activation-1.2.2.jar:/home/pwaldorf/.m2/repository/org/apache/camel/camel-xml-jaxp/3.22.1/camel-xml-jaxp-3.22.1.jar:/home/pwaldorf/.m2/repository/org/apache/camel/camel-xml-io-util/3.22.1/camel-xml-io-util-3.22.1.jar:/home/pwaldorf/.m2/repository/org/apache/camel/camel-spring/3.22.1/camel-spring-3.22.1.jar:/home/pwaldorf/.m2/repository/org/apache/camel/camel-management-api/3.22.1/camel-management-api-3.22.1.jar:/home/pwaldorf/.m2/repository/org/apache/camel/camel-stream/3.22.1/camel-stream-3.22.1.jar:/home/pwaldorf/.m2/repository/org/apache/camel/camel-support/3.22.1/camel-support-3.22.1.jar:/home/pwaldorf/.m2/repository/org/apache/camel/camel-util-json/3.22.1/camel-util-json-3.22.1.jar:/home/pwaldorf/.m2/repository/org/apache/camel/camel-bean/3.22.1/camel-bean-3.22.1.jar:/home/pwaldorf/.m2/repository/org/apache/camel/camel-java-joor-dsl/3.22.1/camel-java-joor-dsl-3.22.1.jar:/home/pwaldorf/.m2/repository/org/apache/camel/camel-dsl-support/3.22.1/camel-dsl-support-3.22.1.jar:/home/pwaldorf/.m2/repository/org/jooq/joor/0.9.14/joor-0.9.14.jar:/home/pwaldorf/.m2/repository/org/apache/camel/camel-spring-xml/3.22.1/camel-spring-xml-3.22.1.jar:/home/pwaldorf/.m2/repository/org/apache/camel/camel-core-xml/3.22.1/camel-core-xml-3.22.1.jar:/home/pwaldorf/.m2/repository/javax/annotation/javax.annotation-api/1.3.2/javax.annotation-api-1.3.2.jar:/home/pwaldorf/.m2/repository/org/apache/camel/camel-xml-io-dsl/3.22.1/camel-xml-io-dsl-3.22.1.jar:/home/pwaldorf/.m2/repository/org/apache/camel/camel-xml-io/3.22.1/camel-xml-io-3.22.1.jar:/home/pwaldorf/.m2/repository/org/apache/camel/camel-timer/3.22.1/camel-timer-3.22.1.jar:/home/pwaldorf/.m2/repository/org/apache/camel/camel-jms/3.22.1/camel-jms-3.22.1.jar:/home/pwaldorf/.m2/repository/org/apache/geronimo/specs/geronimo-jms_2.0_spec/1.0-alpha-2/geronimo-jms_2.0_spec-1.0-alpha-2.jar:/home/pwaldorf/.m2/repository/jakarta/jms/jakarta.jms-api/3.1.0/jakarta.jms-api-3.1.0.jar:/home/pwaldorf/.m2/repository/org/slf4j/slf4j-api/2.0.0/slf4j-api-2.0.0.jar:/home/pwaldorf/.m2/repository/org/slf4j/slf4j-simple/2.0.0/slf4j-simple-2.0.0.jar:/home/pwaldorf/.m2/repository/org/apache/logging/log4j/log4j-core/2.19.0/log4j-core-2.19.0.jar:/home/pwaldorf/.m2/repository/org/apache/logging/log4j/log4j-api/2.19.0/log4j-api-2.19.0.jar:/home/pwaldorf/.m2/repository/org/junit/jupiter/junit-jupiter-api/5.6.0/junit-jupiter-api-5.6.0.jar:/home/pwaldorf/.m2/repository/org/apiguardian/apiguardian-api/1.1.0/apiguardian-api-1.1.0.jar:/home/pwaldorf/.m2/repository/org/opentest4j/opentest4j/1.2.0/opentest4j-1.2.0.jar:/home/pwaldorf/.m2/repository/org/junit/platform/junit-platform-commons/1.6.0/junit-platform-commons-1.6.0.jar:/home/pwaldorf/.m2/repository/org/junit/jupiter/junit-jupiter-engine/5.6.0/junit-jupiter-engine-5.6.0.jar:/home/pwaldorf/.m2/repository/org/junit/platform/junit-platform-engine/1.6.0/junit-platform-engine-1.6.0.jar:"/>
    <property name="java.vm.vendor" value="Red Hat, Inc."/>
    <property name="sun.arch.data.model" value="64"/>
    <property name="java.vendor.url" value="https://www.redhat.com/"/>
    <property name="os.name" value="Linux"/>
    <property name="java.vm.specification.version" value="17"/>
    <property name="sun.java.launcher" value="SUN_STANDARD"/>
    <property name="user.country" value="US"/>
    <property name="sun.boot.library.path" value="/usr/lib/jvm/java-17-openjdk-17.0.9.0.9-3.fc39.x86_64/lib"/>
    <property name="sun.java.command" value="/home/pwaldorf/workspace/tomcatdemo/target/surefire/surefirebooter-20240317204201572_3.jar /home/pwaldorf/workspace/tomcatdemo/target/surefire 2024-03-17T20-42-01_505-jvmRun1 surefire-20240317204201572_1tmp surefire_0-20240317204201572_2tmp"/>
    <property name="jdk.debug" value="release"/>
    <property name="surefire.test.class.path" value="/home/pwaldorf/workspace/tomcatdemo/target/test-classes:/home/pwaldorf/workspace/tomcatdemo/target/classes:/home/pwaldorf/.m2/repository/org/springframework/spring-core/5.3.4/spring-core-5.3.4.jar:/home/pwaldorf/.m2/repository/org/springframework/spring-jcl/5.3.4/spring-jcl-5.3.4.jar:/home/pwaldorf/.m2/repository/org/springframework/spring-web/5.3.4/spring-web-5.3.4.jar:/home/pwaldorf/.m2/repository/org/springframework/spring-webmvc/5.3.4/spring-webmvc-5.3.4.jar:/home/pwaldorf/.m2/repository/org/springframework/spring-aop/5.3.4/spring-aop-5.3.4.jar:/home/pwaldorf/.m2/repository/org/springframework/spring-expression/5.3.4/spring-expression-5.3.4.jar:/home/pwaldorf/.m2/repository/org/springframework/spring-context/5.3.4/spring-context-5.3.4.jar:/home/pwaldorf/.m2/repository/org/springframework/spring-context-support/5.3.4/spring-context-support-5.3.4.jar:/home/pwaldorf/.m2/repository/org/springframework/spring-beans/5.3.4/spring-beans-5.3.4.jar:/home/pwaldorf/.m2/repository/org/springframework/spring-jms/5.3.4/spring-jms-5.3.4.jar:/home/pwaldorf/.m2/repository/org/springframework/spring-messaging/5.3.4/spring-messaging-5.3.4.jar:/home/pwaldorf/.m2/repository/org/springframework/spring-tx/5.3.4/spring-tx-5.3.4.jar:/home/pwaldorf/.m2/repository/org/apache/activemq/artemis-jms-client/2.27.1/artemis-jms-client-2.27.1.jar:/home/pwaldorf/.m2/repository/org/apache/activemq/artemis-core-client/2.27.1/artemis-core-client-2.27.1.jar:/home/pwaldorf/.m2/repository/org/jgroups/jgroups/5.2.0.Final/jgroups-5.2.0.Final.jar:/home/pwaldorf/.m2/repository/io/netty/netty-transport-native-epoll/4.1.82.Final/netty-transport-native-epoll-4.1.82.Final-linux-x86_64.jar:/home/pwaldorf/.m2/repository/io/netty/netty-transport-native-unix-common/4.1.82.Final/netty-transport-native-unix-common-4.1.82.Final.jar:/home/pwaldorf/.m2/repository/io/netty/netty-transport-classes-epoll/4.1.82.Final/netty-transport-classes-epoll-4.1.82.Final.jar:/home/pwaldorf/.m2/repository/io/netty/netty-transport-native-kqueue/4.1.82.Final/netty-transport-native-kqueue-4.1.82.Final-osx-x86_64.jar:/home/pwaldorf/.m2/repository/io/netty/netty-transport-classes-kqueue/4.1.82.Final/netty-transport-classes-kqueue-4.1.82.Final.jar:/home/pwaldorf/.m2/repository/io/netty/netty-codec-http/4.1.82.Final/netty-codec-http-4.1.82.Final.jar:/home/pwaldorf/.m2/repository/io/netty/netty-buffer/4.1.82.Final/netty-buffer-4.1.82.Final.jar:/home/pwaldorf/.m2/repository/io/netty/netty-transport/4.1.82.Final/netty-transport-4.1.82.Final.jar:/home/pwaldorf/.m2/repository/io/netty/netty-resolver/4.1.82.Final/netty-resolver-4.1.82.Final.jar:/home/pwaldorf/.m2/repository/io/netty/netty-handler/4.1.82.Final/netty-handler-4.1.82.Final.jar:/home/pwaldorf/.m2/repository/io/netty/netty-handler-proxy/4.1.82.Final/netty-handler-proxy-4.1.82.Final.jar:/home/pwaldorf/.m2/repository/io/netty/netty-codec/4.1.82.Final/netty-codec-4.1.82.Final.jar:/home/pwaldorf/.m2/repository/io/netty/netty-codec-socks/4.1.82.Final/netty-codec-socks-4.1.82.Final.jar:/home/pwaldorf/.m2/repository/io/netty/netty-common/4.1.82.Final/netty-common-4.1.82.Final.jar:/home/pwaldorf/.m2/repository/org/apache/activemq/artemis-commons/2.27.1/artemis-commons-2.27.1.jar:/home/pwaldorf/.m2/repository/commons-beanutils/commons-beanutils/1.9.4/commons-beanutils-1.9.4.jar:/home/pwaldorf/.m2/repository/commons-logging/commons-logging/1.2/commons-logging-1.2.jar:/home/pwaldorf/.m2/repository/commons-collections/commons-collections/3.2.2/commons-collections-3.2.2.jar:/home/pwaldorf/.m2/repository/org/apache/activemq/artemis-selector/2.27.1/artemis-selector-2.27.1.jar:/home/pwaldorf/.m2/repository/org/apache/camel/camel-core/3.22.1/camel-core-3.22.1.jar:/home/pwaldorf/.m2/repository/org/apache/camel/camel-core-engine/3.22.1/camel-core-engine-3.22.1.jar:/home/pwaldorf/.m2/repository/org/apache/camel/camel-api/3.22.1/camel-api-3.22.1.jar:/home/pwaldorf/.m2/repository/org/apache/camel/camel-base-engine/3.22.1/camel-base-engine-3.22.1.jar:/home/pwaldorf/.m2/repository/org/apache/camel/camel-base/3.22.1/camel-base-3.22.1.jar:/home/pwaldorf/.m2/repository/org/apache/camel/camel-core-reifier/3.22.1/camel-core-reifier-3.22.1.jar:/home/pwaldorf/.m2/repository/org/apache/camel/camel-core-processor/3.22.1/camel-core-processor-3.22.1.jar:/home/pwaldorf/.m2/repository/org/apache/camel/camel-util/3.22.1/camel-util-3.22.1.jar:/home/pwaldorf/.m2/repository/org/apache/camel/camel-core-languages/3.22.1/camel-core-languages-3.22.1.jar:/home/pwaldorf/.m2/repository/org/apache/camel/camel-core-model/3.22.1/camel-core-model-3.22.1.jar:/home/pwaldorf/.m2/repository/org/apache/camel/camel-browse/3.22.1/camel-browse-3.22.1.jar:/home/pwaldorf/.m2/repository/org/apache/camel/camel-cluster/3.22.1/camel-cluster-3.22.1.jar:/home/pwaldorf/.m2/repository/org/apache/camel/camel-controlbus/3.22.1/camel-controlbus-3.22.1.jar:/home/pwaldorf/.m2/repository/org/apache/camel/camel-dataformat/3.22.1/camel-dataformat-3.22.1.jar:/home/pwaldorf/.m2/repository/org/apache/camel/camel-dataset/3.22.1/camel-dataset-3.22.1.jar:/home/pwaldorf/.m2/repository/org/apache/camel/camel-direct/3.22.1/camel-direct-3.22.1.jar:/home/pwaldorf/.m2/repository/org/apache/camel/camel-directvm/3.22.1/camel-directvm-3.22.1.jar:/home/pwaldorf/.m2/repository/org/apache/camel/camel-file/3.22.1/camel-file-3.22.1.jar:/home/pwaldorf/.m2/repository/org/apache/camel/camel-health/3.22.1/camel-health-3.22.1.jar:/home/pwaldorf/.m2/repository/org/apache/camel/camel-language/3.22.1/camel-language-3.22.1.jar:/home/pwaldorf/.m2/repository/org/apache/camel/camel-log/3.22.1/camel-log-3.22.1.jar:/home/pwaldorf/.m2/repository/org/apache/camel/camel-mock/3.22.1/camel-mock-3.22.1.jar:/home/pwaldorf/.m2/repository/org/apache/camel/camel-ref/3.22.1/camel-ref-3.22.1.jar:/home/pwaldorf/.m2/repository/org/apache/camel/camel-rest/3.22.1/camel-rest-3.22.1.jar:/home/pwaldorf/.m2/repository/org/apache/camel/camel-tooling-model/3.22.1/camel-tooling-model-3.22.1.jar:/home/pwaldorf/.m2/repository/org/apache/camel/camel-saga/3.22.1/camel-saga-3.22.1.jar:/home/pwaldorf/.m2/repository/org/apache/camel/camel-scheduler/3.22.1/camel-scheduler-3.22.1.jar:/home/pwaldorf/.m2/repository/org/apache/camel/camel-seda/3.22.1/camel-seda-3.22.1.jar:/home/pwaldorf/.m2/repository/org/apache/camel/camel-stub/3.22.1/camel-stub-3.22.1.jar:/home/pwaldorf/.m2/repository/org/apache/camel/camel-validator/3.22.1/camel-validator-3.22.1.jar:/home/pwaldorf/.m2/repository/org/apache/camel/camel-vm/3.22.1/camel-vm-3.22.1.jar:/home/pwaldorf/.m2/repository/org/apache/camel/camel-xpath/3.22.1/camel-xpath-3.22.1.jar:/home/pwaldorf/.m2/repository/org/apache/camel/camel-xslt/3.22.1/camel-xslt-3.22.1.jar:/home/pwaldorf/.m2/repository/org/apache/camel/camel-xml-jaxb/3.22.1/camel-xml-jaxb-3.22.1.jar:/home/pwaldorf/.m2/repository/jakarta/xml/bind/jakarta.xml.bind-api/2.3.3/jakarta.xml.bind-api-2.3.3.jar:/home/pwaldorf/.m2/repository/jakarta/activation/jakarta.activation-api/1.2.2/jakarta.activation-api-1.2.2.jar:/home/pwaldorf/.m2/repository/com/sun/xml/bind/jaxb-core/2.3.0/jaxb-core-2.3.0.jar:/home/pwaldorf/.m2/repository/com/sun/xml/bind/jaxb-impl/2.3.3/jaxb-impl-2.3.3.jar:/home/pwaldorf/.m2/repository/com/sun/activation/jakarta.activation/1.2.2/jakarta.activation-1.2.2.jar:/home/pwaldorf/.m2/repository/org/apache/camel/camel-xml-jaxp/3.22.1/camel-xml-jaxp-3.22.1.jar:/home/pwaldorf/.m2/repository/org/apache/camel/camel-xml-io-util/3.22.1/camel-xml-io-util-3.22.1.jar:/home/pwaldorf/.m2/repository/org/apache/camel/camel-spring/3.22.1/camel-spring-3.22.1.jar:/home/pwaldorf/.m2/repository/org/apache/camel/camel-management-api/3.22.1/camel-management-api-3.22.1.jar:/home/pwaldorf/.m2/repository/org/apache/camel/camel-stream/3.22.1/camel-stream-3.22.1.jar:/home/pwaldorf/.m2/repository/org/apache/camel/camel-support/3.22.1/camel-support-3.22.1.jar:/home/pwaldorf/.m2/repository/org/apache/camel/camel-util-json/3.22.1/camel-util-json-3.22.1.jar:/home/pwaldorf/.m2/repository/org/apache/camel/camel-bean/3.22.1/camel-bean-3.22.1.jar:/home/pwaldorf/.m2/repository/org/apache/camel/camel-java-joor-dsl/3.22.1/camel-java-joor-dsl-3.22.1.jar:/home/pwaldorf/.m2/repository/org/apache/camel/camel-dsl-support/3.22.1/camel-dsl-support-3.22.1.jar:/home/pwaldorf/.m2/repository/org/jooq/joor/0.9.14/joor-0.9.14.jar:/home/pwaldorf/.m2/repository/org/apache/camel/camel-spring-xml/3.22.1/camel-spring-xml-3.22.1.jar:/home/pwaldorf/.m2/repository/org/apache/camel/camel-core-xml/3.22.1/camel-core-xml-3.22.1.jar:/home/pwaldorf/.m2/repository/javax/annotation/javax.annotation-api/1.3.2/javax.annotation-api-1.3.2.jar:/home/pwaldorf/.m2/repository/org/apache/camel/camel-xml-io-dsl/3.22.1/camel-xml-io-dsl-3.22.1.jar:/home/pwaldorf/.m2/repository/org/apache/camel/camel-xml-io/3.22.1/camel-xml-io-3.22.1.jar:/home/pwaldorf/.m2/repository/org/apache/camel/camel-timer/3.22.1/camel-timer-3.22.1.jar:/home/pwaldorf/.m2/repository/org/apache/camel/camel-jms/3.22.1/camel-jms-3.22.1.jar:/home/pwaldorf/.m2/repository/org/apache/geronimo/specs/geronimo-jms_2.0_spec/1.0-alpha-2/geronimo-jms_2.0_spec-1.0-alpha-2.jar:/home/pwaldorf/.m2/repository/jakarta/jms/jakarta.jms-api/3.1.0/jakarta.jms-api-3.1.0.jar:/home/pwaldorf/.m2/repository/org/slf4j/slf4j-api/2.0.0/slf4j-api-2.0.0.jar:/home/pwaldorf/.m2/repository/org/slf4j/slf4j-simple/2.0.0/slf4j-simple-2.0.0.jar:/home/pwaldorf/.m2/repository/org/apache/logging/log4j/log4j-core/2.19.0/log4j-core-2.19.0.jar:/home/pwaldorf/.m2/repository/org/apache/logging/log4j/log4j-api/2.19.0/log4j-api-2.19.0.jar:/home/pwaldorf/.m2/repository/org/junit/jupiter/junit-jupiter-api/5.6.0/junit-jupiter-api-5.6.0.jar:/home/pwaldorf/.m2/repository/org/apiguardian/apiguardian-api/1.1.0/apiguardian-api-1.1.0.jar:/home/pwaldorf/.m2/repository/org/opentest4j/opentest4j/1.2.0/opentest4j-1.2.0.jar:/home/pwaldorf/.m2/repository/org/junit/platform/junit-platform-commons/1.6.0/junit-platform-commons-1.6.0.jar:/home/pwaldorf/.m2/repository/org/junit/jupiter/junit-jupiter-engine/5.6.0/junit-jupiter-engine-5.6.0.jar:/home/pwaldorf/.m2/repository/org/junit/platform/junit-platform-engine/1.6.0/junit-platform-engine-1.6.0.jar:"/>
    <property name="sun.cpu.endian" value="little"/>
    <property name="user.home" value="/home/pwaldorf"/>
    <property name="user.language" value="en"/>
    <property name="java.specification.vendor" value="Oracle Corporation"/>
    <property name="java.version.date" value="2023-10-17"/>
    <property name="java.home" value="/usr/lib/jvm/java-17-openjdk-17.0.9.0.9-3.fc39.x86_64"/>
    <property name="file.separator" value="/"/>
    <property name="basedir" value="/home/pwaldorf/workspace/tomcatdemo"/>
    <property name="java.vm.compressedOopsMode" value="32-bit"/>
    <property name="line.separator" value="&#10;"/>
    <property name="java.vm.specification.vendor" value="Oracle Corporation"/>
    <property name="java.specification.name" value="Java Platform API Specification"/>
    <property name="surefire.real.class.path" value="/home/pwaldorf/workspace/tomcatdemo/target/surefire/surefirebooter-20240317204201572_3.jar"/>
    <property name="sun.management.compiler" value="HotSpot 64-Bit Tiered Compilers"/>
    <property name="java.runtime.version" value="17.0.9+9"/>
    <property name="user.name" value="pwaldorf"/>
    <property name="path.separator" value=":"/>
    <property name="os.version" value="6.7.7-200.fc39.x86_64"/>
    <property name="java.runtime.name" value="OpenJDK Runtime Environment"/>
    <property name="file.encoding" value="UTF-8"/>
    <property name="java.vm.name" value="OpenJDK 64-Bit Server VM"/>
    <property name="java.vendor.version" value="(Red_Hat-17.0.9.0.9-4)"/>
    <property name="localRepository" value="/home/pwaldorf/.m2/repository"/>
    <property name="java.vendor.url.bug" value="https://bugzilla.redhat.com/enter_bug.cgi?product=Fedora&amp;component=java-17-openjdk&amp;version=38"/>
    <property name="java.io.tmpdir" value="/tmp"/>
    <property name="java.version" value="17.0.9"/>
    <property name="user.dir" value="/home/pwaldorf/workspace/tomcatdemo"/>
    <property name="os.arch" value="amd64"/>
    <property name="java.vm.specification.name" value="Java Virtual Machine Specification"/>
    <property name="native.encoding" value="UTF-8"/>
    <property name="java.library.path" value="/usr/java/packages/lib:/usr/lib64:/lib64:/lib:/usr/lib"/>
    <property name="java.vm.info" value="mixed mode, sharing"/>
    <property name="java.vendor" value="Red Hat, Inc."/>
    <property name="java.vm.version" value="17.0.9+9"/>
    <property name="sun.io.unicode.encoding" value="UnicodeLittle"/>
    <property name="java.class.version" value="61.0"/>
  </properties>
  <testcase name="testApp" classname="com.pw.AppTest" time="0.021"/>
</testsuite>